<?xml version="1.0" encoding="UTF-8"?>
<!-- Generated by org.testng.reporters.JUnitReportReporter -->
<testsuite skipped="0" hostname="OsamaAsusLaptop" name="tests.CorrectTotalPrice" tests="1" failures="0" timestamp="2020-11-20T14:33:14 EST" time="27.027" errors="0">
  <testcase name="TestCorrectTotalPrice" time="27.027" classname="tests.CorrectTotalPrice"/>
  <system-out/>
</testsuite> <!-- tests.CorrectTotalPrice -->
