<?xml version="1.0" encoding="UTF-8"?>
<!-- Generated by org.testng.reporters.JUnitReportReporter -->
<testsuite skipped="0" hostname="OsamaAsusLaptop" name="tests.UserRegistrationProcess" tests="1" failures="0" timestamp="2020-11-19T17:28:59 EST" time="20.092" errors="0">
  <testcase name="TestUserRegistrationProcess" time="20.092" classname="tests.UserRegistrationProcess"/>
  <system-out/>
</testsuite> <!-- tests.UserRegistrationProcess -->
