<?xml version="1.0" encoding="UTF-8"?>
<!-- Generated by org.testng.reporters.JUnitReportReporter -->
<testsuite skipped="0" hostname="OsamaAsusLaptop" name="tests.VerifyErrorMessagesForMandatoryFields" tests="1" failures="0" timestamp="2020-11-19T19:25:58 EST" time="14.824" errors="0">
  <testcase name="TestVerifyErrorMessagesForMandatoryFields" time="14.824" classname="tests.VerifyErrorMessagesForMandatoryFields"/>
  <system-out/>
</testsuite> <!-- tests.VerifyErrorMessagesForMandatoryFields -->
