<?xml version="1.0" encoding="UTF-8"?>
<!-- Generated by org.testng.reporters.JUnitReportReporter -->
<testsuite skipped="0" hostname="OsamaAsusLaptop" name="tests.VerifyInvalidEmailAddressError" tests="1" failures="0" timestamp="2020-11-19T18:43:42 EST" time="13.519" errors="0">
  <testcase name="TestVerifyInvalidEmailAddressError" time="13.519" classname="tests.VerifyInvalidEmailAddressError"/>
  <system-out/>
</testsuite> <!-- tests.VerifyInvalidEmailAddressError -->
