<?xml version="1.0" encoding="UTF-8"?>
<!-- Generated by org.testng.reporters.JUnitReportReporter -->
<testsuite skipped="0" hostname="OsamaAsusLaptop" name="tests.ClickFirstMenuLinkAndPrintPageTitle" tests="1" failures="0" timestamp="2020-11-18T15:40:04 EST" time="12.429" errors="0">
  <testcase name="ClickFirstMenuLinkAndPrintPageTitleTest" time="12.429" classname="tests.ClickFirstMenuLinkAndPrintPageTitle"/>
  <system-out/>
</testsuite> <!-- tests.ClickFirstMenuLinkAndPrintPageTitle -->
