<?xml version="1.0" encoding="UTF-8"?>
<!-- Generated by org.testng.reporters.JUnitReportReporter -->
<testsuite skipped="0" hostname="OsamaAsusLaptop" name="tests.test" tests="1" failures="0" timestamp="2020-11-17T15:34:20 EST" time="28.808" errors="0">
  <testcase name="testclick" time="28.808" classname="tests.test"/>
  <system-out/>
</testsuite> <!-- tests.test -->
